app/build/outputs/logs/manifest-merger-uat-release-report.txt
-- Merging decision tree log ---
meta-data#APP_ENV
INJECTED from src/main/AndroidManifest.xml:156:9-158:42
	android:value
		INJECTED from src/main/AndroidManifest.xml
		ADDED from src/main/AndroidManifest.xml:158:13-39
	android:name
		ADDED from src/main/AndroidManifest.xml:157:13-35
category#com.xacheliangroup.netline
INJECTED from src/main/AndroidManifest.xml:273:17-61
	android:name
		INJECTED from src/main/AndroidManifest.xml
		ADDED from src/main/AndroidManifest.xml:273:27-58
manifest
ADDED from src/main/AndroidManifest.xml:2:1-326:12
INJECTED from src/main/AndroidManifest.xml:2:1-326:12
INJECTED from src/main/AndroidManifest.xml:2:1-326:12
INJECTED from src/main/AndroidManifest.xml:2:1-326:12
MERGED from [com.tencent.bugly:crashreport_upgrade:1.3.6] AndroidManifest.xml:2:1-46:12
MERGED from [com.tencent.tinker:tinker-android-lib:1.9.9] AndroidManifest.xml:2:1-39:12
MERGED from [com.tencent.bugly:nativecrashreport:3.7.1] AndroidManifest.xml:2:1-9:12
MERGED from [:album] AndroidManifest.xml:17:1-63:12
MERGED from [com.airbnb.android:lottie:2.5.0-beta1] AndroidManifest.xml:2:1-14:12
MERGED from [com.superluo:textbannerview:1.0.2] AndroidManifest.xml:2:1-11:12
MERGED from [com.android.support:design:26.1.0] AndroidManifest.xml:17:1-31:12
MERGED from [com.yanzhenjie:fragment:1.0.1] AndroidManifest.xml:2:1-10:12
MERGED from [com.android.support:appcompat-v7:27.0.2] AndroidManifest.xml:17:1-22:12
MERGED from [com.android.support.constraint:constraint-layout:1.1.3] AndroidManifest.xml:2:1-11:12
MERGED from [io.reactivex.rxjava2:rxandroid:2.0.1] AndroidManifest.xml:15:1-21:12
MERGED from [com.jakewharton:butterknife:8.8.1] AndroidManifest.xml:2:1-7:12
MERGED from [com.android.support:recyclerview-v7:26.1.0] AndroidManifest.xml:17:1-28:12
MERGED from [com.kaopiz:kprogresshud:1.1.0] AndroidManifest.xml:2:1-15:12
MERGED from [com.orhanobut:logger:2.1.1] AndroidManifest.xml:2:1-8:12
MERGED from [top.zibin:Luban:1.1.3] AndroidManifest.xml:2:1-11:12
MERGED from [com.android.support:multidex:1.0.2] AndroidManifest.xml:17:1-22:12
MERGED from [com.contrarywind:Android-PickerView:3.2.7] AndroidManifest.xml:2:1-11:12
MERGED from [com.android.support:cardview-v7:28.0.0-alpha1] AndroidManifest.xml:17:1-23:12
MERGED from [cn.bingoogolapple:bga-qrcode-zxing:1.3.6] AndroidManifest.xml:2:1-9:12
MERGED from [cn.jiguang.sdk:jpush:3.3.4] AndroidManifest.xml:2:1-148:12
MERGED from [cn.jiguang.sdk:jcore:2.1.2] AndroidManifest.xml:2:1-14:12
MERGED from [com.tencent.tinker:tinker-android-loader:1.9.9] AndroidManifest.xml:2:1-161:12
MERGED from [com.android.support:transition:26.1.0] AndroidManifest.xml:17:1-28:12
MERGED from [com.android.support:support-v4:26.1.0] AndroidManifest.xml:17:1-31:12
MERGED from [com.android.support:support-fragment:27.0.2] AndroidManifest.xml:17:1-22:12
MERGED from [com.android.support:support-core-utils:27.0.2] AndroidManifest.xml:17:1-22:12
MERGED from [com.android.support:animated-vector-drawable:27.0.2] AndroidManifest.xml:17:1-22:12
MERGED from [com.android.support:support-vector-drawable:27.0.2] AndroidManifest.xml:17:1-22:12
MERGED from [com.android.support:support-core-ui:27.0.2] AndroidManifest.xml:17:1-22:12
MERGED from [com.android.support:support-media-compat:26.1.0] AndroidManifest.xml:17:1-31:12
MERGED from [com.android.support:support-compat:27.0.2] AndroidManifest.xml:17:1-22:12
MERGED from [com.yanzhenjie:mediascanner:1.0.3] AndroidManifest.xml:17:1-25:12
MERGED from [com.yanzhenjie:loading:1.0.2] AndroidManifest.xml:17:1-25:12
MERGED from [com.yanzhenjie:statusview:1.0.3] AndroidManifest.xml:17:1-25:12
MERGED from [cn.bingoogolapple:bga-qrcode-core:1.3.6] AndroidManifest.xml:2:1-19:12
MERGED from [android.arch.lifecycle:runtime:1.0.3] AndroidManifest.xml:17:1-24:12
INJECTED from src/main/AndroidManifest.xml:2:1-326:12
INJECTED from src/main/AndroidManifest.xml:2:1-326:12
INJECTED from src/main/AndroidManifest.xml:2:1-326:12
	package
		ADDED from src/main/AndroidManifest.xml:4:5-41
		INJECTED from src/main/AndroidManifest.xml
		INJECTED from src/main/AndroidManifest.xml
	android:versionName
		INJECTED from src/main/AndroidManifest.xml
		ADDED from src/main/AndroidManifest.xml:2:1-326:12
		INJECTED from src/main/AndroidManifest.xml
	xmlns:tools
		ADDED from src/main/AndroidManifest.xml:3:5-51
	android:versionCode
		INJECTED from src/main/AndroidManifest.xml
		ADDED from src/main/AndroidManifest.xml:2:1-326:12
		INJECTED from src/main/AndroidManifest.xml
	xmlns:android
		ADDED from src/main/AndroidManifest.xml:2:11-69
uses-permission#android.permission.ACCESS_NETWORK_STATE
ADDED from src/main/AndroidManifest.xml:6:5-79
MERGED from [com.tencent.bugly:crashreport_upgrade:1.3.6] AndroidManifest.xml:13:5-79
MERGED from [com.tencent.bugly:crashreport_upgrade:1.3.6] AndroidManifest.xml:13:5-79
MERGED from [cn.jiguang.sdk:jpush:3.3.4] AndroidManifest.xml:24:5-79
MERGED from [cn.jiguang.sdk:jpush:3.3.4] AndroidManifest.xml:24:5-79
	android:name
		ADDED from src/main/AndroidManifest.xml:6:22-76
uses-permission#android.permission.INTERNET
ADDED from src/main/AndroidManifest.xml:7:5-67
MERGED from [com.tencent.bugly:crashreport_upgrade:1.3.6] AndroidManifest.xml:12:5-67
MERGED from [com.tencent.bugly:crashreport_upgrade:1.3.6] AndroidManifest.xml:12:5-67
MERGED from [cn.jiguang.sdk:jpush:3.3.4] AndroidManifest.xml:18:5-67
MERGED from [cn.jiguang.sdk:jpush:3.3.4] AndroidManifest.xml:18:5-67
	android:name
		ADDED from src/main/AndroidManifest.xml:7:22-64
uses-permission#com.android.launcher.permission.READ_SETTINGS
ADDED from src/main/AndroidManifest.xml:8:5-85
	android:name
		ADDED from src/main/AndroidManifest.xml:8:22-82
uses-permission#android.permission.WAKE_LOCK
ADDED from src/main/AndroidManifest.xml:9:5-68
	android:name
		ADDED from src/main/AndroidManifest.xml:9:22-65
uses-permission#android.permission.CHANGE_WIFI_STATE
ADDED from src/main/AndroidManifest.xml:10:5-76
MERGED from [cn.jiguang.sdk:jpush:3.3.4] AndroidManifest.xml:31:5-76
MERGED from [cn.jiguang.sdk:jpush:3.3.4] AndroidManifest.xml:31:5-76
	android:name
		ADDED from src/main/AndroidManifest.xml:10:22-73
uses-permission#android.permission.ACCESS_WIFI_STATE
ADDED from src/main/AndroidManifest.xml:11:5-76
MERGED from [com.tencent.bugly:crashreport_upgrade:1.3.6] AndroidManifest.xml:14:5-76
MERGED from [com.tencent.bugly:crashreport_upgrade:1.3.6] AndroidManifest.xml:14:5-76
MERGED from [cn.jiguang.sdk:jpush:3.3.4] AndroidManifest.xml:25:5-76
MERGED from [cn.jiguang.sdk:jpush:3.3.4] AndroidManifest.xml:25:5-76
	android:name
		ADDED from src/main/AndroidManifest.xml:11:22-73
uses-permission#android.permission.READ_PHONE_STATE
ADDED from src/main/AndroidManifest.xml:12:5-75
MERGED from [com.tencent.bugly:crashreport_upgrade:1.3.6] AndroidManifest.xml:11:5-75
MERGED from [com.tencent.bugly:crashreport_upgrade:1.3.6] AndroidManifest.xml:11:5-75
MERGED from [cn.jiguang.sdk:jpush:3.3.4] AndroidManifest.xml:19:5-75
MERGED from [cn.jiguang.sdk:jpush:3.3.4] AndroidManifest.xml:19:5-75
	android:name
		ADDED from src/main/AndroidManifest.xml:12:22-72
uses-permission#android.permission.NFC
ADDED from src/main/AndroidManifest.xml:13:5-62
	android:name
		ADDED from src/main/AndroidManifest.xml:13:22-59
uses-feature#android.hardware.nfc
ADDED from src/main/AndroidManifest.xml:15:5-17:35
	android:required
		ADDED from src/main/AndroidManifest.xml:17:9-32
	android:name
		ADDED from src/main/AndroidManifest.xml:16:9-44
uses-permission#android.permission.READ_LOGS
ADDED from src/main/AndroidManifest.xml:21:5-68
MERGED from [com.tencent.bugly:crashreport_upgrade:1.3.6] AndroidManifest.xml:15:5-68
MERGED from [com.tencent.bugly:crashreport_upgrade:1.3.6] AndroidManifest.xml:15:5-68
	android:name
		ADDED from src/main/AndroidManifest.xml:21:22-65
uses-permission#android.permission.ACCESS_FINE_LOCATION
ADDED from src/main/AndroidManifest.xml:24:5-79
MERGED from [cn.jiguang.sdk:jpush:3.3.4] AndroidManifest.xml:32:5-79
MERGED from [cn.jiguang.sdk:jpush:3.3.4] AndroidManifest.xml:32:5-79
	android:name
		ADDED from src/main/AndroidManifest.xml:24:22-76
uses-permission#android.permission.ACCESS_MOCK_LOCATION
ADDED from src/main/AndroidManifest.xml:25:5-79
	android:name
		ADDED from src/main/AndroidManifest.xml:25:22-76
uses-permission#android.permission.UPDATE_DEVICE_STATS
ADDED from src/main/AndroidManifest.xml:26:5-78
	android:name
		ADDED from src/main/AndroidManifest.xml:26:22-75
uses-permission#android.permission.CAMERA
ADDED from src/main/AndroidManifest.xml:27:5-65
MERGED from [:album] AndroidManifest.xml:24:5-65
MERGED from [:album] AndroidManifest.xml:24:5-65
MERGED from [cn.bingoogolapple:bga-qrcode-core:1.3.6] AndroidManifest.xml:9:5-65
MERGED from [cn.bingoogolapple:bga-qrcode-core:1.3.6] AndroidManifest.xml:9:5-65
	android:name
		ADDED from src/main/AndroidManifest.xml:27:22-62
uses-permission#android.permission.VIBRATE
ADDED from src/main/AndroidManifest.xml:28:5-66
MERGED from [cn.jiguang.sdk:jpush:3.3.4] AndroidManifest.xml:28:5-66
MERGED from [cn.jiguang.sdk:jpush:3.3.4] AndroidManifest.xml:28:5-66
	android:name
		ADDED from src/main/AndroidManifest.xml:28:22-63
uses-permission#android.permission.MOUNT_UNMOUNT_FILESYSTEMS
ADDED from src/main/AndroidManifest.xml:29:5-84
MERGED from [cn.jiguang.sdk:jpush:3.3.4] AndroidManifest.xml:23:5-84
MERGED from [cn.jiguang.sdk:jpush:3.3.4] AndroidManifest.xml:23:5-84
	android:name
		ADDED from src/main/AndroidManifest.xml:29:22-81
uses-permission#android.permission.SYSTEM_ALERT_WINDOW
ADDED from src/main/AndroidManifest.xml:30:5-78
MERGED from [cn.jiguang.sdk:jpush:3.3.4] AndroidManifest.xml:29:5-78
MERGED from [cn.jiguang.sdk:jpush:3.3.4] AndroidManifest.xml:29:5-78
	android:name
		ADDED from src/main/AndroidManifest.xml:30:22-75
uses-permission#android.permission.WRITE_EXTERNAL_STORAGE
ADDED from src/main/AndroidManifest.xml:31:5-81
MERGED from [com.tencent.bugly:crashreport_upgrade:1.3.6] AndroidManifest.xml:16:5-81
MERGED from [com.tencent.bugly:crashreport_upgrade:1.3.6] AndroidManifest.xml:16:5-81
MERGED from [:album] AndroidManifest.xml:26:5-81
MERGED from [:album] AndroidManifest.xml:26:5-81
MERGED from [cn.jiguang.sdk:jpush:3.3.4] AndroidManifest.xml:20:5-81
MERGED from [cn.jiguang.sdk:jpush:3.3.4] AndroidManifest.xml:20:5-81
	android:name
		ADDED from src/main/AndroidManifest.xml:31:22-78
uses-permission#android.permission.CALL_PHONE
ADDED from src/main/AndroidManifest.xml:33:5-69
	android:name
		ADDED from src/main/AndroidManifest.xml:33:22-66
uses-feature#android.hardware.camera
ADDED from src/main/AndroidManifest.xml:36:5-60
	android:name
		ADDED from src/main/AndroidManifest.xml:36:19-57
uses-feature#android.hardware.camera.autofocus
ADDED from src/main/AndroidManifest.xml:37:5-70
MERGED from [cn.bingoogolapple:bga-qrcode-core:1.3.6] AndroidManifest.xml:12:5-14:36
MERGED from [cn.bingoogolapple:bga-qrcode-core:1.3.6] AndroidManifest.xml:12:5-14:36
	android:name
		ADDED from src/main/AndroidManifest.xml:37:19-67
uses-permission#android.permission.ACCESS_COARSE_LOCATION
ADDED from src/main/AndroidManifest.xml:45:5-81
MERGED from [cn.jiguang.sdk:jpush:3.3.4] AndroidManifest.xml:30:5-81
MERGED from [cn.jiguang.sdk:jpush:3.3.4] AndroidManifest.xml:30:5-81
	android:name
		ADDED from src/main/AndroidManifest.xml:45:22-78
permission#com.xacheliangroup.netline.permission.JPUSH_MESSAGE
ADDED from src/main/AndroidManifest.xml:47:5-49:47
MERGED from [cn.jiguang.sdk:jpush:3.3.4] AndroidManifest.xml:11:5-13:47
	android:protectionLevel
		ADDED from src/main/AndroidManifest.xml:49:9-44
	android:name
		ADDED from src/main/AndroidManifest.xml:48:9-75
uses-permission#com.xacheliangroup.netline.permission.JPUSH_MESSAGE
ADDED from src/main/AndroidManifest.xml:52:5-91
MERGED from [cn.jiguang.sdk:jpush:3.3.4] AndroidManifest.xml:16:5-81
	android:name
		ADDED from src/main/AndroidManifest.xml:52:22-88
uses-permission#android.permission.RECEIVE_USER_PRESENT
ADDED from src/main/AndroidManifest.xml:53:5-79
MERGED from [cn.jiguang.sdk:jpush:3.3.4] AndroidManifest.xml:17:5-79
MERGED from [cn.jiguang.sdk:jpush:3.3.4] AndroidManifest.xml:17:5-79
	android:name
		ADDED from src/main/AndroidManifest.xml:53:22-76
uses-permission#android.permission.READ_EXTERNAL_STORAGE
ADDED from src/main/AndroidManifest.xml:57:5-80
MERGED from [:album] AndroidManifest.xml:25:5-80
MERGED from [:album] AndroidManifest.xml:25:5-80
MERGED from [cn.jiguang.sdk:jpush:3.3.4] AndroidManifest.xml:21:5-80
MERGED from [cn.jiguang.sdk:jpush:3.3.4] AndroidManifest.xml:21:5-80
	android:name
		ADDED from src/main/AndroidManifest.xml:57:22-77
uses-permission#android.permission.ACCESS_BACKGROUND_LOCATION
ADDED from src/main/AndroidManifest.xml:63:5-85
MERGED from [cn.jiguang.sdk:jpush:3.3.4] AndroidManifest.xml:33:5-85
MERGED from [cn.jiguang.sdk:jpush:3.3.4] AndroidManifest.xml:33:5-85
	android:name
		ADDED from src/main/AndroidManifest.xml:63:22-82
uses-permission#android.permission.ACCESS_LOCATION_EXTRA_COMMANDS
ADDED from src/main/AndroidManifest.xml:68:5-89
MERGED from [cn.jiguang.sdk:jpush:3.3.4] AndroidManifest.xml:34:5-89
MERGED from [cn.jiguang.sdk:jpush:3.3.4] AndroidManifest.xml:34:5-89
	android:name
		ADDED from src/main/AndroidManifest.xml:68:22-86
uses-permission#android.permission.CHANGE_NETWORK_STATE
ADDED from src/main/AndroidManifest.xml:69:5-79
MERGED from [cn.jiguang.sdk:jpush:3.3.4] AndroidManifest.xml:35:5-79
MERGED from [cn.jiguang.sdk:jpush:3.3.4] AndroidManifest.xml:35:5-79
	android:name
		ADDED from src/main/AndroidManifest.xml:69:22-76
uses-permission#android.permission.GET_TASKS
ADDED from src/main/AndroidManifest.xml:70:5-68
MERGED from [cn.jiguang.sdk:jpush:3.3.4] AndroidManifest.xml:36:5-68
MERGED from [cn.jiguang.sdk:jpush:3.3.4] AndroidManifest.xml:36:5-68
	android:name
		ADDED from src/main/AndroidManifest.xml:70:22-65
application
ADDED from src/main/AndroidManifest.xml:72:5-324:19
MERGED from [com.tencent.bugly:crashreport_upgrade:1.3.6] AndroidManifest.xml:20:5-44:19
MERGED from [com.tencent.bugly:crashreport_upgrade:1.3.6] AndroidManifest.xml:20:5-44:19
MERGED from [com.tencent.tinker:tinker-android-lib:1.9.9] AndroidManifest.xml:9:5-37:19
MERGED from [com.tencent.tinker:tinker-android-lib:1.9.9] AndroidManifest.xml:9:5-37:19
MERGED from [:album] AndroidManifest.xml:29:5-61:19
MERGED from [:album] AndroidManifest.xml:29:5-61:19
MERGED from [com.airbnb.android:lottie:2.5.0-beta1] AndroidManifest.xml:12:5-20
MERGED from [com.airbnb.android:lottie:2.5.0-beta1] AndroidManifest.xml:12:5-20
MERGED from [com.android.support:design:26.1.0] AndroidManifest.xml:25:5-29:19
MERGED from [com.android.support:design:26.1.0] AndroidManifest.xml:25:5-29:19
MERGED from [com.android.support.constraint:constraint-layout:1.1.3] AndroidManifest.xml:9:5-20
MERGED from [com.android.support.constraint:constraint-layout:1.1.3] AndroidManifest.xml:9:5-20
MERGED from [com.android.support:recyclerview-v7:26.1.0] AndroidManifest.xml:22:5-26:19
MERGED from [com.android.support:recyclerview-v7:26.1.0] AndroidManifest.xml:22:5-26:19
MERGED from [com.kaopiz:kprogresshud:1.1.0] AndroidManifest.xml:11:5-13:38
MERGED from [com.kaopiz:kprogresshud:1.1.0] AndroidManifest.xml:11:5-13:38
MERGED from [cn.jiguang.sdk:jpush:3.3.4] AndroidManifest.xml:38:5-146:19
MERGED from [cn.jiguang.sdk:jpush:3.3.4] AndroidManifest.xml:38:5-146:19
MERGED from [cn.jiguang.sdk:jcore:2.1.2] AndroidManifest.xml:11:5-12:19
MERGED from [cn.jiguang.sdk:jcore:2.1.2] AndroidManifest.xml:11:5-12:19
MERGED from [com.tencent.tinker:tinker-android-loader:1.9.9] AndroidManifest.xml:9:5-159:19
MERGED from [com.tencent.tinker:tinker-android-loader:1.9.9] AndroidManifest.xml:9:5-159:19
MERGED from [com.android.support:transition:26.1.0] AndroidManifest.xml:22:5-26:19
MERGED from [com.android.support:transition:26.1.0] AndroidManifest.xml:22:5-26:19
MERGED from [com.android.support:support-v4:26.1.0] AndroidManifest.xml:25:5-29:19
MERGED from [com.android.support:support-v4:26.1.0] AndroidManifest.xml:25:5-29:19
MERGED from [com.android.support:support-media-compat:26.1.0] AndroidManifest.xml:25:5-29:19
MERGED from [com.android.support:support-media-compat:26.1.0] AndroidManifest.xml:25:5-29:19
	android:supportsRtl
		ADDED from src/main/AndroidManifest.xml:78:9-35
	android:label
		ADDED from src/main/AndroidManifest.xml:76:9-41
	android:roundIcon
		ADDED from src/main/AndroidManifest.xml:77:9-54
	android:icon
		ADDED from src/main/AndroidManifest.xml:75:9-50
	android:allowBackup
		ADDED from src/main/AndroidManifest.xml:74:9-35
	android:theme
		ADDED from src/main/AndroidManifest.xml:79:9-52
	android:name
		ADDED from src/main/AndroidManifest.xml:73:9-46
activity#com.xacheliangroup.netline.moduleTest.activity.NTestActivity
ADDED from src/main/AndroidManifest.xml:80:9-86:20
	android:label
		ADDED from src/main/AndroidManifest.xml:82:13-57
	android:theme
		ADDED from src/main/AndroidManifest.xml:83:13-68
	android:name
		ADDED from src/main/AndroidManifest.xml:81:13-62
service#com.amap.api.location.APSService
ADDED from src/main/AndroidManifest.xml:90:9-76
	android:name
		ADDED from src/main/AndroidManifest.xml:90:18-65
activity#com.xacheliangroup.netline.moduleNetLine.activity.NetLineLoginActivity
ADDED from src/main/AndroidManifest.xml:91:9-102:20
	android:name
		ADDED from src/main/AndroidManifest.xml:91:19-78
intent-filter#action:name:android.intent.action.MAIN+category:name:android.intent.category.LAUNCHER
ADDED from src/main/AndroidManifest.xml:92:13-101:29
action#android.intent.action.MAIN
ADDED from src/main/AndroidManifest.xml:93:17-69
	android:name
		ADDED from src/main/AndroidManifest.xml:93:25-66
category#android.intent.category.LAUNCHER
ADDED from src/main/AndroidManifest.xml:95:17-77
	android:name
		ADDED from src/main/AndroidManifest.xml:95:27-74
activity#com.xacheliangroup.netline.moduleNetLine.activity.NetLineHomeActivity
ADDED from src/main/AndroidManifest.xml:103:9-105:20
	android:name
		ADDED from src/main/AndroidManifest.xml:103:19-77
activity#com.xacheliangroup.netline.moduleNetLine.activity.NetLineMapActivity
ADDED from src/main/AndroidManifest.xml:106:9-108:20
	android:name
		ADDED from src/main/AndroidManifest.xml:106:19-76
activity#com.xacheliangroup.netline.moduleNetLine.activity.NetLineListActivity
ADDED from src/main/AndroidManifest.xml:109:9-111:20
	android:name
		ADDED from src/main/AndroidManifest.xml:109:19-77
activity#com.xacheliangroup.netline.moduleNetLine.activity.NetLineQrCodeActivity
ADDED from src/main/AndroidManifest.xml:112:9-114:20
	android:name
		ADDED from src/main/AndroidManifest.xml:112:19-79
activity#com.xacheliangroup.netline.moduleNetLine.activity.NetLineCheckActivity
ADDED from src/main/AndroidManifest.xml:115:9-117:20
	android:name
		ADDED from src/main/AndroidManifest.xml:115:19-78
activity#com.amap.api.navi.AmapRouteActivity
ADDED from src/main/AndroidManifest.xml:118:9-120:77
	android:configChanges
		ADDED from src/main/AndroidManifest.xml:120:13-74
	android:theme
		ADDED from src/main/AndroidManifest.xml:119:13-60
	android:name
		ADDED from src/main/AndroidManifest.xml:118:19-69
activity#com.xacheliangroup.netline.checkTickets.activity.CTChoiceStationActivity
ADDED from src/main/AndroidManifest.xml:124:9-138:20
	android:name
		ADDED from src/main/AndroidManifest.xml:124:19-80
activity#com.xacheliangroup.netline.checkTickets.activity.CTHomeActivity
ADDED from src/main/AndroidManifest.xml:139:9-83
	android:name
		ADDED from src/main/AndroidManifest.xml:139:19-71
activity#com.xacheliangroup.netline.checkTickets.activity.CTCarDetailActivity
ADDED from src/main/AndroidManifest.xml:140:9-79
	android:name
		ADDED from src/main/AndroidManifest.xml:140:19-76
activity#com.xacheliangroup.netline.checkTickets.activity.CTCheckActivity
ADDED from src/main/AndroidManifest.xml:141:9-75
	android:name
		ADDED from src/main/AndroidManifest.xml:141:19-72
activity#com.xacheliangroup.netline.moduleTest.activity.TestMainActivity
ADDED from src/main/AndroidManifest.xml:142:9-155:20
	android:name
		ADDED from src/main/AndroidManifest.xml:142:19-71
activity#com.xacheliangroup.netline.CbbMainActivity
ADDED from src/main/AndroidManifest.xml:160:9-53
	android:name
		ADDED from src/main/AndroidManifest.xml:160:19-50
activity#com.xacheliangroup.netline.moduleMall.activity.MallCbbActivity
ADDED from src/main/AndroidManifest.xml:161:9-164:57
	android:screenOrientation
		ADDED from src/main/AndroidManifest.xml:164:13-45
	android:launchMode
		ADDED from src/main/AndroidManifest.xml:163:13-43
	android:name
		ADDED from src/main/AndroidManifest.xml:162:13-64
service#com.xacheliangroup.netline.common.service.ApplicationOnCreateIntentService
ADDED from src/main/AndroidManifest.xml:166:9-84
	android:name
		ADDED from src/main/AndroidManifest.xml:166:18-81
activity#com.xacheliangroup.netline.common.LogoSplashActivity
ADDED from src/main/AndroidManifest.xml:167:9-171:59
	android:screenOrientation
		ADDED from src/main/AndroidManifest.xml:170:13-45
	android:launchMode
		ADDED from src/main/AndroidManifest.xml:169:13-43
	android:theme
		ADDED from src/main/AndroidManifest.xml:171:13-47
	android:name
		ADDED from src/main/AndroidManifest.xml:168:13-54
activity#com.xacheliangroup.netline.common.AdvertActivity
ADDED from src/main/AndroidManifest.xml:172:9-176:49
	android:screenOrientation
		ADDED from src/main/AndroidManifest.xml:175:13-45
	android:launchMode
		ADDED from src/main/AndroidManifest.xml:174:13-43
	android:theme
		ADDED from src/main/AndroidManifest.xml:176:13-46
	android:name
		ADDED from src/main/AndroidManifest.xml:173:13-50
activity#com.xacheliangroup.netline.common.web.WebActivity
ADDED from src/main/AndroidManifest.xml:177:9-180:48
	android:screenOrientation
		ADDED from src/main/AndroidManifest.xml:180:13-45
	android:launchMode
		ADDED from src/main/AndroidManifest.xml:179:13-43
	android:name
		ADDED from src/main/AndroidManifest.xml:178:13-51
activity#com.xacheliangroup.netline.moduleOther.activity.LoginActivity
ADDED from src/main/AndroidManifest.xml:181:9-185:58
	android:screenOrientation
		ADDED from src/main/AndroidManifest.xml:184:13-45
	android:launchMode
		ADDED from src/main/AndroidManifest.xml:183:13-43
	android:windowSoftInputMode
		ADDED from src/main/AndroidManifest.xml:185:13-55
	android:name
		ADDED from src/main/AndroidManifest.xml:182:13-63
activity#com.xacheliangroup.netline.moduleMine.activity.AppSettingActivity
ADDED from src/main/AndroidManifest.xml:186:9-189:48
	android:screenOrientation
		ADDED from src/main/AndroidManifest.xml:189:13-45
	android:launchMode
		ADDED from src/main/AndroidManifest.xml:188:13-43
	android:name
		ADDED from src/main/AndroidManifest.xml:187:13-67
activity#com.xacheliangroup.netline.moduleMall.activity.SellerHomeActivity
ADDED from src/main/AndroidManifest.xml:191:9-194:48
	android:screenOrientation
		ADDED from src/main/AndroidManifest.xml:194:13-45
	android:launchMode
		ADDED from src/main/AndroidManifest.xml:193:13-43
	android:name
		ADDED from src/main/AndroidManifest.xml:192:13-67
activity#com.xacheliangroup.netline.moduleMall.activity.MarketingListActivity
ADDED from src/main/AndroidManifest.xml:195:9-198:48
	android:screenOrientation
		ADDED from src/main/AndroidManifest.xml:198:13-45
	android:launchMode
		ADDED from src/main/AndroidManifest.xml:197:13-43
	android:name
		ADDED from src/main/AndroidManifest.xml:196:13-70
activity#com.xacheliangroup.netline.moduleMall.activity.GoodsDetailActivity
ADDED from src/main/AndroidManifest.xml:199:9-202:48
	android:screenOrientation
		ADDED from src/main/AndroidManifest.xml:202:13-45
	android:launchMode
		ADDED from src/main/AndroidManifest.xml:201:13-43
	android:name
		ADDED from src/main/AndroidManifest.xml:200:13-68
activity#com.xacheliangroup.netline.moduleMall.activity.SubmitOrderActivity
ADDED from src/main/AndroidManifest.xml:203:9-206:48
	android:screenOrientation
		ADDED from src/main/AndroidManifest.xml:206:13-45
	android:launchMode
		ADDED from src/main/AndroidManifest.xml:205:13-43
	android:name
		ADDED from src/main/AndroidManifest.xml:204:13-68
activity#com.xacheliangroup.netline.moduleMall.activity.PayOrderActivity
ADDED from src/main/AndroidManifest.xml:207:9-210:48
	android:screenOrientation
		ADDED from src/main/AndroidManifest.xml:210:13-45
	android:launchMode
		ADDED from src/main/AndroidManifest.xml:209:13-43
	android:name
		ADDED from src/main/AndroidManifest.xml:208:13-65
activity#com.xacheliangroup.netline.moduleMine.activity.SettingAddressActivity
ADDED from src/main/AndroidManifest.xml:211:9-214:48
	android:screenOrientation
		ADDED from src/main/AndroidManifest.xml:214:13-45
	android:launchMode
		ADDED from src/main/AndroidManifest.xml:213:13-43
	android:name
		ADDED from src/main/AndroidManifest.xml:212:13-71
activity#com.xacheliangroup.netline.moduleMine.activity.UpdateAddressActivity
ADDED from src/main/AndroidManifest.xml:215:9-218:48
	android:screenOrientation
		ADDED from src/main/AndroidManifest.xml:218:13-45
	android:launchMode
		ADDED from src/main/AndroidManifest.xml:217:13-43
	android:name
		ADDED from src/main/AndroidManifest.xml:216:13-70
activity#com.xacheliangroup.netline.moduleMine.activity.OrderListActivity
ADDED from src/main/AndroidManifest.xml:219:9-222:48
	android:screenOrientation
		ADDED from src/main/AndroidManifest.xml:222:13-45
	android:launchMode
		ADDED from src/main/AndroidManifest.xml:221:13-43
	android:name
		ADDED from src/main/AndroidManifest.xml:220:13-66
activity#com.xacheliangroup.netline.moduleMine.activity.OrderDetailActivity
ADDED from src/main/AndroidManifest.xml:223:9-226:48
	android:screenOrientation
		ADDED from src/main/AndroidManifest.xml:226:13-45
	android:launchMode
		ADDED from src/main/AndroidManifest.xml:225:13-43
	android:name
		ADDED from src/main/AndroidManifest.xml:224:13-68
service#com.xacheliangroup.netline.common.service.ApplicationOnService
ADDED from src/main/AndroidManifest.xml:227:9-234:19
	android:process
		ADDED from src/main/AndroidManifest.xml:230:13-40
	android:enabled
		ADDED from src/main/AndroidManifest.xml:228:13-35
	android:exported
		ADDED from src/main/AndroidManifest.xml:229:13-37
	android:name
		ADDED from src/main/AndroidManifest.xml:227:18-69
intent-filter#action:name:cn.jiguang.user.service.action
ADDED from src/main/AndroidManifest.xml:231:13-233:29
action#cn.jiguang.user.service.action
ADDED from src/main/AndroidManifest.xml:232:17-73
	android:name
		ADDED from src/main/AndroidManifest.xml:232:25-70
service#com.xacheliangroup.netline.checkTickets.download.CommonIntentService
ADDED from src/main/AndroidManifest.xml:236:9-78
	android:name
		ADDED from src/main/AndroidManifest.xml:236:18-75
meta-data#com.amap.api.v2.apikey
ADDED from src/main/AndroidManifest.xml:238:9-240:64
	android:value
		ADDED from src/main/AndroidManifest.xml:240:13-61
	android:name
		ADDED from src/main/AndroidManifest.xml:239:13-50
service#cn.jpush.android.service.PushService
ADDED from src/main/AndroidManifest.xml:246:9-256:19
MERGED from [cn.jiguang.sdk:jpush:3.3.4] AndroidManifest.xml:61:9-72:19
MERGED from [cn.jiguang.sdk:jpush:3.3.4] AndroidManifest.xml:61:9-72:19
	android:process
		ADDED from [cn.jiguang.sdk:jpush:3.3.4] AndroidManifest.xml:65:13-40
	android:enabled
		ADDED from src/main/AndroidManifest.xml:248:13-35
	android:exported
		ADDED from src/main/AndroidManifest.xml:249:13-37
	android:name
		ADDED from src/main/AndroidManifest.xml:247:13-64
intent-filter#action:name:cn.jpush.android.intent.PUSH_TIME+action:name:cn.jpush.android.intent.PushService+action:name:cn.jpush.android.intent.REGISTER+action:name:cn.jpush.android.intent.REPORT
ADDED from src/main/AndroidManifest.xml:250:13-255:29
action#cn.jpush.android.intent.REGISTER
ADDED from src/main/AndroidManifest.xml:251:17-75
	android:name
		ADDED from src/main/AndroidManifest.xml:251:25-72
action#cn.jpush.android.intent.REPORT
ADDED from src/main/AndroidManifest.xml:252:17-73
	android:name
		ADDED from src/main/AndroidManifest.xml:252:25-70
action#cn.jpush.android.intent.PushService
ADDED from src/main/AndroidManifest.xml:253:17-78
	android:name
		ADDED from src/main/AndroidManifest.xml:253:25-75
action#cn.jpush.android.intent.PUSH_TIME
ADDED from src/main/AndroidManifest.xml:254:17-76
	android:name
		ADDED from src/main/AndroidManifest.xml:254:25-73
receiver#com.xacheliangroup.netline.common.receiver.MyRevice
ADDED from src/main/AndroidManifest.xml:257:9-275:20
	android:enabled
		ADDED from src/main/AndroidManifest.xml:259:13-35
	android:name
		ADDED from src/main/AndroidManifest.xml:258:13-53
intent-filter#action:name:cn.jpush.android.intent.CONNECTION+action:name:cn.jpush.android.intent.MESSAGE_RECEIVED+action:name:cn.jpush.android.intent.NOTIFICATION_OPENED+action:name:cn.jpush.android.intent.NOTIFICATION_RECEIVED+action:name:cn.jpush.android.intent.REGISTRATION+category:name:com.xacheliangroup.netline
ADDED from src/main/AndroidManifest.xml:260:13-274:29
action#cn.jpush.android.intent.REGISTRATION
ADDED from src/main/AndroidManifest.xml:263:17-79
	android:name
		ADDED from src/main/AndroidManifest.xml:263:25-76
action#cn.jpush.android.intent.MESSAGE_RECEIVED
ADDED from src/main/AndroidManifest.xml:265:17-83
	android:name
		ADDED from src/main/AndroidManifest.xml:265:25-80
action#cn.jpush.android.intent.NOTIFICATION_RECEIVED
ADDED from src/main/AndroidManifest.xml:267:17-88
	android:name
		ADDED from src/main/AndroidManifest.xml:267:25-85
action#cn.jpush.android.intent.NOTIFICATION_OPENED
ADDED from src/main/AndroidManifest.xml:269:17-86
	android:name
		ADDED from src/main/AndroidManifest.xml:269:25-83
action#cn.jpush.android.intent.CONNECTION
ADDED from src/main/AndroidManifest.xml:271:17-77
	android:name
		ADDED from src/main/AndroidManifest.xml:271:25-74
provider#cn.jpush.android.service.DataProvider
ADDED from src/main/AndroidManifest.xml:277:9-281:48
MERGED from [cn.jiguang.sdk:jpush:3.3.4] AndroidManifest.xml:114:9-118:43
MERGED from [cn.jiguang.sdk:jpush:3.3.4] AndroidManifest.xml:114:9-118:43
	android:process
		ADDED from [cn.jiguang.sdk:jpush:3.3.4] AndroidManifest.xml:118:13-40
	android:authorities